INFO:root:Ticket generated.
2023-06-20 10:13:06,676 [INFO] Ticket generated.
2023-06-20 10:13:37,092 [WARNING] Reservation deleted.
2023-06-20 10:16:49,278 [INFO] stefan.iancu connected.
2023-06-20 11:25:01,093 [INFO] Ticket generated.
2023-06-20 11:27:39,842 [INFO] Ticket generated.
2023-06-20 11:27:50,614 [INFO] Ticket generated.
2023-06-20 11:30:19,719 [INFO] Ticket generated.
2023-06-20 11:31:00,251 [INFO] Ticket generated.
2023-06-20 11:32:36,123 [WARNING] Reservation deleted.
2023-06-20 11:36:58,989 [INFO] Ticket generated.
2023-06-22 10:39:45,714 [INFO] Ticket generated.
2023-06-22 15:07:52,590 [INFO] Ticket generated.
2023-06-22 15:08:09,661 [INFO] Email sent.
2023-06-22 15:12:17,412 [INFO] Ticket generated.
2023-06-22 15:12:28,022 [INFO] Email sent.
2023-06-22 15:18:16,983 [INFO] Ticket generated.
2023-06-22 15:18:43,726 [INFO] Email sent.
2023-06-22 15:19:51,906 [INFO] Ticket generated.
2023-06-22 15:21:26,647 [INFO] Ticket generated.
